\BOOKMARK [1][-]{section.1}{\376\377\000I\000n\000t\000r\000o\000d\000u\000c\000t\000i\000o\000n}{}% 1
\BOOKMARK [2][-]{subsection.1.1}{\376\377\000O\000v\000e\000r\000v\000i\000e\000w\000\040\000a\000n\000d\000\040\000M\000o\000t\000i\000v\000a\000t\000i\000o\000n}{section.1}% 2
\BOOKMARK [2][-]{subsection.1.2}{\376\377\000L\000i\000m\000i\000t\000a\000t\000i\000o\000n\000s\000\040\000o\000f\000\040\000T\000r\000a\000d\000i\000t\000i\000o\000n\000a\000l\000\040\000Q\000u\000a\000n\000t\000u\000m\000\040\000V\000i\000s\000u\000a\000l\000i\000z\000a\000t\000i\000o\000n\000\040\000a\000n\000d\000\040\000C\000o\000s\000m\000o\000l\000o\000g\000y}{section.1}% 3
\BOOKMARK [2][-]{subsection.1.3}{\376\377\000S\000c\000o\000p\000e\000\040\000a\000n\000d\000\040\000S\000t\000r\000u\000c\000t\000u\000r\000e\000\040\000o\000f\000\040\000T\000h\000i\000s\000\040\000W\000o\000r\000k}{section.1}% 4
\BOOKMARK [1][-]{section.2}{\376\377\000F\000o\000u\000n\000d\000a\000t\000i\000o\000n\000a\000l\000\040\000C\000o\000n\000c\000e\000p\000t\000s}{}% 5
\BOOKMARK [2][-]{subsection.2.1}{\376\377\000S\000p\000a\000c\000e\000t\000i\000m\000e\000,\000\040\000M\000i\000n\000k\000o\000w\000s\000k\000i\000\040\000G\000e\000o\000m\000e\000t\000r\000y\000,\000\040\000a\000n\000d\000\040\000t\000h\000e\000\040\000B\000i\000g\000\040\000B\000a\000n\000g\000\040\000a\000s\000\040\000a\000n\000\040\000I\000n\000i\000t\000i\000a\000l\000\040\000S\000t\000a\000t\000e}{section.2}% 6
\BOOKMARK [2][-]{subsection.2.2}{\376\377\000B\000a\000s\000i\000c\000s\000\040\000o\000f\000\040\000W\000a\000v\000e\000\040\000M\000e\000c\000h\000a\000n\000i\000c\000s\000:\000\040\000M\000a\000t\000t\000e\000r\000,\000\040\000A\000n\000t\000i\000m\000a\000t\000t\000e\000r\000,\000\040\000a\000n\000d\000\040\000C\000P\000T\000\040\000S\000y\000m\000m\000e\000t\000r\000y}{section.2}% 7
\BOOKMARK [2][-]{subsection.2.3}{\376\377\000M\000a\000n\000y\000-\000W\000o\000r\000l\000d\000s\000\040\000I\000n\000t\000e\000r\000p\000r\000e\000t\000a\000t\000i\000o\000n\000:\000\040\000A\000\040\000B\000r\000i\000e\000f\000\040\000O\000v\000e\000r\000v\000i\000e\000w}{section.2}% 8
\BOOKMARK [1][-]{section.3}{\376\377\000R\000i\000p\000p\000l\000e\000-\000B\000a\000s\000e\000d\000\040\000F\000r\000a\000m\000e\000w\000o\000r\000k}{}% 9
\BOOKMARK [2][-]{subsection.3.1}{\376\377\000R\000a\000t\000i\000o\000n\000a\000l\000e\000\040\000f\000o\000r\000\040\000V\000i\000e\000w\000i\000n\000g\000\040\000S\000p\000a\000c\000e\000t\000i\000m\000e\000\040\000a\000s\000\040\000R\000i\000p\000p\000l\000e\000s}{section.3}% 10
\BOOKMARK [2][-]{subsection.3.2}{\376\377\000M\000a\000p\000p\000i\000n\000g\000\040\000T\000i\000m\000e\000\040\000a\000s\000\040\000a\000\040\000R\000a\000d\000i\000a\000l\000\040\000D\000i\000m\000e\000n\000s\000i\000o\000n}{section.3}% 11
\BOOKMARK [2][-]{subsection.3.3}{\376\377\000E\000n\000e\000r\000g\000y\000,\000\040\000M\000a\000s\000s\000,\000\040\000a\000n\000d\000\040\000D\000i\000r\000e\000c\000t\000i\000o\000n\000s\000\040\000o\000f\000\040\000M\000o\000t\000i\000o\000n\000\040\000i\000n\000\040\000t\000h\000e\000\040\000R\000i\000p\000p\000l\000e\000\040\000P\000i\000c\000t\000u\000r\000e}{section.3}% 12
\BOOKMARK [1][-]{section.4}{\376\377\000M\000a\000t\000h\000e\000m\000a\000t\000i\000c\000a\000l\000\040\000F\000o\000r\000m\000a\000l\000i\000s\000m}{}% 13
\BOOKMARK [2][-]{subsection.4.1}{\376\377\000C\000o\000o\000r\000d\000i\000n\000a\000t\000e\000\040\000T\000r\000a\000n\000s\000f\000o\000r\000m\000a\000t\000i\000o\000n\000s\000:\000\040\000F\000r\000o\000m\000\040\000\050\000x\000,\000\040\000t\000\051\000\040\000t\000o\000\040\000\050\000r\000,\000\040\000t\000h\000e\000t\000a\000\051}{section.4}% 14
\BOOKMARK [2][-]{subsection.4.2}{\376\377\000N\000o\000r\000m\000a\000l\000i\000z\000a\000t\000i\000o\000n\000\040\000a\000n\000d\000\040\000P\000h\000a\000s\000e\000\040\000P\000r\000e\000s\000e\000r\000v\000a\000t\000i\000o\000n\000\040\000i\000n\000\040\000P\000o\000l\000a\000r\000\040\000C\000o\000o\000r\000d\000i\000n\000a\000t\000e\000s}{section.4}% 15
\BOOKMARK [2][-]{subsection.4.3}{\376\377\000I\000n\000c\000o\000r\000p\000o\000r\000a\000t\000i\000n\000g\000\040\000C\000u\000r\000v\000e\000d\000\040\000S\000p\000a\000c\000e\000t\000i\000m\000e\000:\000\040\000G\000e\000n\000e\000r\000a\000l\000\040\000R\000e\000l\000a\000t\000i\000v\000i\000s\000t\000i\000c\000\040\000E\000x\000t\000e\000n\000s\000i\000o\000n\000s}{section.4}% 16
\BOOKMARK [2][-]{subsection.4.4}{\376\377\000A\000p\000p\000l\000i\000c\000a\000t\000i\000o\000n\000\040\000t\000o\000\040\000W\000a\000v\000e\000\040\000E\000q\000u\000a\000t\000i\000o\000n\000s\000\040\000\050\000K\000l\000e\000i\000n\040\023\000G\000o\000r\000d\000o\000n\000,\000\040\000D\000i\000r\000a\000c\000\051}{section.4}% 17
\BOOKMARK [1][-]{section.5}{\376\377\000M\000a\000t\000t\000e\000r\000\040\000a\000n\000d\000\040\000A\000n\000t\000i\000m\000a\000t\000t\000e\000r\000\040\000I\000n\000t\000e\000r\000p\000r\000e\000t\000a\000t\000i\000o\000n}{}% 18
\BOOKMARK [2][-]{subsection.5.1}{\376\377\000P\000o\000s\000i\000t\000i\000v\000e\000\040\000v\000s\000.\000\040\000N\000e\000g\000a\000t\000i\000v\000e\000\040\000A\000m\000p\000l\000i\000t\000u\000d\000e\000s\000\040\000a\000n\000d\000\040\000C\000r\000e\000s\000t\040\023\000T\000r\000o\000u\000g\000h\000\040\000R\000e\000p\000r\000e\000s\000e\000n\000t\000a\000t\000i\000o\000n}{section.5}% 19
\BOOKMARK [2][-]{subsection.5.2}{\376\377\000A\000n\000t\000i\000m\000a\000t\000t\000e\000r\000\040\000a\000s\000\040\000C\000P\000T\000-\000R\000e\000v\000e\000r\000s\000e\000d\000\040\000E\000v\000e\000n\000t\000s}{section.5}% 20
\BOOKMARK [2][-]{subsection.5.3}{\376\377\000P\000h\000a\000s\000e\000\040\000a\000n\000d\000\040\000M\000o\000t\000i\000o\000n\000:\000\040\000O\000p\000p\000o\000s\000i\000t\000e\000\040\000S\000p\000i\000n\000s\000\040\000a\000n\000d\000\040\000T\000h\000e\000i\000r\000\040\000I\000n\000t\000e\000r\000a\000c\000t\000i\000o\000n\000s}{section.5}% 21
\BOOKMARK [1][-]{section.6}{\376\377\000E\000x\000p\000a\000n\000s\000i\000o\000n\000\040\000i\000n\000\040\000t\000h\000e\000\040\000R\000i\000p\000p\000l\000e\000\040\000V\000i\000e\000w}{}% 22
\BOOKMARK [2][-]{subsection.6.1}{\376\377\000C\000o\000m\000p\000a\000r\000i\000n\000g\000\040\000`\000`\000M\000e\000t\000r\000i\000c\000\040\000E\000x\000p\000a\000n\000s\000i\000o\000n\000'\000'\000\040\000v\000s\000.\000\040\000`\000`\000G\000r\000o\000w\000i\000n\000g\000\040\000R\000i\000p\000p\000l\000e\000'\000'}{section.6}% 23
\BOOKMARK [2][-]{subsection.6.2}{\376\377\000U\000n\000i\000f\000o\000r\000m\000\040\000E\000x\000p\000a\000n\000s\000i\000o\000n\000\040\000o\000f\000\040\000t\000h\000e\000\040\000R\000i\000p\000p\000l\000e\000'\000s\000\040\000C\000i\000r\000c\000u\000m\000f\000e\000r\000e\000n\000c\000e}{section.6}% 24
\BOOKMARK [2][-]{subsection.6.3}{\376\377\000B\000i\000g\000\040\000B\000a\000n\000g\000:\000\040\000C\000e\000n\000t\000r\000a\000l\000\040\000P\000o\000i\000n\000t\000\040\000o\000r\000\040\000T\000e\000m\000p\000o\000r\000a\000l\000\040\000B\000o\000u\000n\000d\000a\000r\000y\000?}{section.6}% 25
\BOOKMARK [1][-]{section.7}{\376\377\000I\000n\000t\000e\000r\000f\000e\000r\000e\000n\000c\000e\000,\000\040\000P\000r\000o\000b\000a\000b\000i\000l\000i\000t\000y\000\040\000S\000t\000a\000t\000e\000s\000,\000\040\000a\000n\000d\000\040\000B\000r\000a\000n\000c\000h\000i\000n\000g}{}% 26
\BOOKMARK [2][-]{subsection.7.1}{\376\377\000S\000u\000p\000e\000r\000p\000o\000s\000i\000t\000i\000o\000n\000\040\000a\000n\000d\000\040\000I\000n\000t\000e\000r\000f\000e\000r\000e\000n\000c\000e\000\040\000o\000f\000\040\000R\000i\000p\000p\000l\000e\000s}{section.7}% 27
\BOOKMARK [2][-]{subsection.7.2}{\376\377\000C\000o\000n\000s\000t\000r\000u\000c\000t\000i\000v\000e\000/\000D\000e\000s\000t\000r\000u\000c\000t\000i\000v\000e\000\040\000P\000a\000t\000t\000e\000r\000n\000s\000\040\000a\000n\000d\000\040\000Q\000u\000a\000n\000t\000u\000m\000\040\000P\000r\000o\000b\000a\000b\000i\000l\000i\000t\000i\000e\000s}{section.7}% 28
\BOOKMARK [2][-]{subsection.7.3}{\376\377\000M\000a\000n\000y\000-\000W\000o\000r\000l\000d\000s\000\040\000P\000e\000r\000s\000p\000e\000c\000t\000i\000v\000e\000:\000\040\000P\000a\000r\000a\000l\000l\000e\000l\000\040\000`\000`\000R\000i\000p\000p\000l\000e\000\040\000S\000e\000c\000t\000o\000r\000s\000'\000'}{section.7}% 29
\BOOKMARK [1][-]{section.8}{\376\377\000C\000o\000m\000p\000a\000r\000a\000t\000i\000v\000e\000\040\000A\000n\000a\000l\000y\000s\000i\000s\000\040\000a\000n\000d\000\040\000E\000m\000p\000i\000r\000i\000c\000a\000l\000\040\000V\000a\000l\000i\000d\000a\000t\000i\000o\000n}{}% 30
\BOOKMARK [2][-]{subsection.8.1}{\376\377\000B\000e\000n\000c\000h\000m\000a\000r\000k\000i\000n\000g\000\040\000A\000g\000a\000i\000n\000s\000t\000\040\000T\000r\000a\000d\000i\000t\000i\000o\000n\000a\000l\000\040\000M\000e\000t\000h\000o\000d\000s\000\040\000\050\000W\000i\000g\000n\000e\000r\000\040\000F\000u\000n\000c\000t\000i\000o\000n\000s\000,\000\040\000D\000e\000n\000s\000i\000t\000y\000\040\000M\000a\000t\000r\000i\000c\000e\000s\000\051}{section.8}% 31
\BOOKMARK [2][-]{subsection.8.2}{\376\377\000C\000o\000m\000p\000u\000t\000a\000t\000i\000o\000n\000a\000l\000\040\000E\000f\000f\000i\000c\000i\000e\000n\000c\000y\000\040\000a\000n\000d\000\040\000V\000i\000s\000u\000a\000l\000i\000z\000a\000t\000i\000o\000n\000\040\000C\000l\000a\000r\000i\000t\000y}{section.8}% 32
\BOOKMARK [2][-]{subsection.8.3}{\376\377\000T\000e\000s\000t\000\040\000C\000a\000s\000e\000s\000:\000\040\000G\000a\000u\000s\000s\000i\000a\000n\000\040\000W\000a\000v\000e\000\040\000P\000a\000c\000k\000e\000t\000s\000,\000\040\000D\000o\000u\000b\000l\000e\000-\000S\000l\000i\000t\000\040\000A\000n\000a\000l\000o\000g\000i\000e\000s\000,\000\040\000T\000u\000n\000n\000e\000l\000i\000n\000g}{section.8}% 33
\BOOKMARK [1][-]{section.9}{\376\377\000A\000d\000v\000a\000n\000c\000e\000d\000\040\000I\000n\000t\000e\000r\000p\000r\000e\000t\000a\000t\000i\000o\000n\000s\000\040\000a\000n\000d\000\040\000S\000p\000e\000c\000u\000l\000a\000t\000i\000v\000e\000\040\000E\000x\000t\000e\000n\000s\000i\000o\000n\000s}{}% 34
\BOOKMARK [2][-]{subsection.9.1}{\376\377\000M\000u\000l\000t\000i\000v\000e\000r\000s\000e\000\040\000C\000o\000n\000n\000e\000c\000t\000i\000v\000i\000t\000y\000:\000\040\000P\000o\000s\000s\000i\000b\000l\000e\000\040\000O\000v\000e\000r\000l\000a\000p\000s\000\040\000o\000f\000\040\000R\000i\000p\000p\000l\000e\000s}{section.9}% 35
\BOOKMARK [2][-]{subsection.9.2}{\376\377\000M\000a\000t\000t\000e\000r\040\023\000A\000n\000t\000i\000m\000a\000t\000t\000e\000r\000\040\000A\000s\000y\000m\000m\000e\000t\000r\000y\000\040\000a\000n\000d\000\040\000E\000a\000r\000l\000y\000-\000U\000n\000i\000v\000e\000r\000s\000e\000\040\000I\000m\000b\000a\000l\000a\000n\000c\000e\000s}{section.9}% 36
\BOOKMARK [2][-]{subsection.9.3}{\376\377\000T\000i\000m\000e\000,\000\040\000E\000n\000t\000r\000o\000p\000y\000,\000\040\000a\000n\000d\000\040\000A\000r\000r\000o\000w\000s\000\040\000o\000f\000\040\000T\000i\000m\000e\000\040\000i\000n\000\040\000t\000h\000e\000\040\000R\000i\000p\000p\000l\000e\000\040\000M\000o\000d\000e\000l}{section.9}% 37
\BOOKMARK [1][-]{section.10}{\376\377\000D\000i\000s\000c\000u\000s\000s\000i\000o\000n}{}% 38
\BOOKMARK [2][-]{subsection.10.1}{\376\377\000S\000t\000r\000e\000n\000g\000t\000h\000s\000\040\000a\000n\000d\000\040\000P\000o\000t\000e\000n\000t\000i\000a\000l\000\040\000A\000d\000v\000a\000n\000t\000a\000g\000e\000s}{section.10}% 39
\BOOKMARK [2][-]{subsection.10.2}{\376\377\000L\000i\000m\000i\000t\000a\000t\000i\000o\000n\000s\000\040\000a\000n\000d\000\040\000O\000p\000e\000n\000\040\000Q\000u\000e\000s\000t\000i\000o\000n\000s}{section.10}% 40
\BOOKMARK [2][-]{subsection.10.3}{\376\377\000R\000e\000l\000a\000t\000i\000o\000n\000s\000h\000i\000p\000\040\000t\000o\000\040\000S\000t\000a\000n\000d\000a\000r\000d\000\040\000C\000o\000s\000m\000o\000l\000o\000g\000y\000\040\000a\000n\000d\000\040\000Q\000u\000a\000n\000t\000u\000m\000\040\000F\000i\000e\000l\000d\000\040\000T\000h\000e\000o\000r\000y}{section.10}% 41
\BOOKMARK [1][-]{section.11}{\376\377\000C\000o\000n\000c\000l\000u\000s\000i\000o\000n}{}% 42
\BOOKMARK [2][-]{subsection.11.1}{\376\377\000S\000u\000m\000m\000a\000r\000y\000\040\000o\000f\000\040\000K\000e\000y\000\040\000C\000o\000n\000t\000r\000i\000b\000u\000t\000i\000o\000n\000s}{section.11}% 43
\BOOKMARK [2][-]{subsection.11.2}{\376\377\000R\000e\000l\000e\000v\000a\000n\000c\000e\000\040\000t\000o\000\040\000O\000n\000g\000o\000i\000n\000g\000\040\000R\000e\000s\000e\000a\000r\000c\000h\000\040\000i\000n\000\040\000Q\000u\000a\000n\000t\000u\000m\000\040\000F\000o\000u\000n\000d\000a\000t\000i\000o\000n\000s\000\040\000a\000n\000d\000\040\000C\000o\000s\000m\000o\000l\000o\000g\000y}{section.11}% 44
\BOOKMARK [2][-]{subsection.11.3}{\376\377\000F\000u\000t\000u\000r\000e\000\040\000W\000o\000r\000k\000\040\000a\000n\000d\000\040\000O\000p\000e\000n\000\040\000D\000i\000r\000e\000c\000t\000i\000o\000n\000s}{section.11}% 45
\BOOKMARK [1][-]{section.12}{\376\377\000A\000c\000k\000n\000o\000w\000l\000e\000d\000g\000m\000e\000n\000t\000s}{}% 46
\BOOKMARK [1][-]{appendix.A}{\376\377\000D\000e\000t\000a\000i\000l\000e\000d\000\040\000M\000a\000t\000h\000e\000m\000a\000t\000i\000c\000a\000l\000\040\000D\000e\000r\000i\000v\000a\000t\000i\000o\000n\000s}{}% 47
\BOOKMARK [2][-]{subsection.A.1}{\376\377\000M\000i\000n\000k\000o\000w\000s\000k\000i\000\040\000I\000n\000t\000e\000r\000v\000a\000l\000\040\000a\000n\000d\000\040\000C\000o\000o\000r\000d\000i\000n\000a\000t\000e\000\040\000T\000r\000a\000n\000s\000f\000o\000r\000m\000a\000t\000i\000o\000n\000s}{appendix.A}% 48
\BOOKMARK [2][-]{subsection.A.2}{\376\377\000W\000a\000v\000e\000f\000u\000n\000c\000t\000i\000o\000n\000\040\000T\000r\000a\000n\000s\000f\000o\000r\000m\000a\000t\000i\000o\000n\000\040\000a\000n\000d\000\040\000N\000o\000r\000m\000a\000l\000i\000z\000a\000t\000i\000o\000n}{appendix.A}% 49
\BOOKMARK [2][-]{subsection.A.3}{\376\377\000D\000e\000r\000i\000v\000a\000t\000i\000o\000n\000\040\000o\000f\000\040\000K\000l\000e\000i\000n\040\023\000G\000o\000r\000d\000o\000n\000\040\000E\000q\000u\000a\000t\000i\000o\000n\000\040\000i\000n\000\040\000R\000i\000p\000p\000l\000e\000\040\000C\000o\000o\000r\000d\000i\000n\000a\000t\000e\000s}{appendix.A}% 50
\BOOKMARK [2][-]{subsection.A.4}{\376\377\000O\000u\000t\000l\000i\000n\000e\000\040\000f\000o\000r\000\040\000D\000i\000r\000a\000c\000\040\000E\000q\000u\000a\000t\000i\000o\000n\000\040\000i\000n\000\040\000R\000a\000d\000i\000a\000l\000\040\000C\000o\000o\000r\000d\000i\000n\000a\000t\000e\000s}{appendix.A}% 51
\BOOKMARK [2][-]{subsection.A.5}{\376\377\000A\000d\000d\000i\000t\000i\000o\000n\000a\000l\000\040\000C\000u\000r\000v\000a\000t\000u\000r\000e\000\040\000T\000e\000r\000m\000s\000\040\000f\000o\000r\000\040\000F\000L\000R\000W\000-\000L\000i\000k\000e\000\040\000M\000e\000t\000r\000i\000c\000s}{appendix.A}% 52
\BOOKMARK [1][-]{appendix.B}{\376\377\000S\000i\000m\000u\000l\000a\000t\000i\000o\000n\000\040\000C\000o\000d\000e\000\040\000E\000x\000a\000m\000p\000l\000e\000s\000\040\000a\000n\000d\000\040\000P\000l\000o\000t\000s}{}% 53
\BOOKMARK [2][-]{subsection.B.1}{\376\377\000S\000a\000m\000p\000l\000e\000\040\000C\000o\000d\000e\000\040\000S\000n\000i\000p\000p\000e\000t\000s}{appendix.B}% 54
\BOOKMARK [2][-]{subsection.B.2}{\376\377\000P\000l\000o\000t\000s\000\040\000f\000r\000o\000m\000\040\000P\000r\000e\000l\000i\000m\000i\000n\000a\000r\000y\000\040\000E\000x\000p\000e\000r\000i\000m\000e\000n\000t\000s}{appendix.B}% 55
\BOOKMARK [1][-]{appendix.C}{\376\377\000A\000d\000d\000i\000t\000i\000o\000n\000a\000l\000\040\000N\000o\000t\000e\000s\000\040\000o\000n\000\040\000C\000u\000r\000v\000e\000d\000\040\000S\000p\000a\000c\000e\000t\000i\000m\000e\000\040\000M\000e\000t\000r\000i\000c\000s}{}% 56
\BOOKMARK [2][-]{subsection.C.1}{\376\377\000G\000e\000n\000e\000r\000a\000l\000\040\000R\000e\000l\000a\000t\000i\000v\000i\000t\000y\000\040\000a\000n\000d\000\040\000C\000o\000o\000r\000d\000i\000n\000a\000t\000e\000\040\000S\000y\000s\000t\000e\000m\000s}{appendix.C}% 57
\BOOKMARK [2][-]{subsection.C.2}{\376\377\000C\000o\000s\000m\000o\000l\000o\000g\000i\000c\000a\000l\000\040\000\050\000F\000L\000R\000W\000\051\000\040\000E\000x\000a\000m\000p\000l\000e}{appendix.C}% 58
\BOOKMARK [2][-]{subsection.C.3}{\376\377\000P\000e\000r\000t\000u\000r\000b\000a\000t\000i\000v\000e\000\040\000a\000n\000d\000\040\000N\000u\000m\000e\000r\000i\000c\000a\000l\000\040\000A\000p\000p\000r\000o\000a\000c\000h\000e\000s}{appendix.C}% 59
\BOOKMARK [2][-]{subsection.C.4}{\376\377\000O\000b\000s\000e\000r\000v\000a\000t\000i\000o\000n\000a\000l\000\040\000I\000m\000p\000l\000i\000c\000a\000t\000i\000o\000n\000s\000?}{appendix.C}% 60
\BOOKMARK [2][-]{subsection.C.5}{\376\377\000C\000o\000n\000c\000l\000u\000d\000i\000n\000g\000\040\000R\000e\000m\000a\000r\000k\000s\000\040\000o\000n\000\040\000C\000u\000r\000v\000e\000d\000\040\000E\000x\000t\000e\000n\000s\000i\000o\000n\000s}{appendix.C}% 61
