This is pdfTeX, Version 3.141592653-2.6-1.40.26 (TeX Live 2024) (preloaded format=pdflatex 2024.12.14)  8 JAN 2025 22:21
entering extended mode
 restricted \write18 enabled.
 file:line:error style messages enabled.
 %&-line parsing enabled.
**ripples_in_spacetime
(./ripples_in_spacetime.tex
LaTeX2e <2023-11-01> patch level 1
L3 programming layer <2024-02-20>
(/usr/local/texlive/2024/texmf-dist/tex/latex/base/article.cls
Document Class: article 2023/05/17 v1.4n Standard LaTeX document class
(/usr/local/texlive/2024/texmf-dist/tex/latex/base/size10.clo
File: size10.clo 2023/05/17 v1.4n Standard LaTeX file (size option)
)
\c@part=\count188
\c@section=\count189
\c@subsection=\count190
\c@subsubsection=\count191
\c@paragraph=\count192
\c@subparagraph=\count193
\c@figure=\count194
\c@table=\count195
\abovecaptionskip=\skip48
\belowcaptionskip=\skip49
\bibindent=\dimen140
) (/usr/local/texlive/2024/texmf-dist/tex/latex/base/inputenc.sty
Package: inputenc 2021/02/14 v1.3d Input encoding file
\inpenc@prehook=\toks17
\inpenc@posthook=\toks18
) (/usr/local/texlive/2024/texmf-dist/tex/latex/base/fontenc.sty
Package: fontenc 2021/04/29 v2.0v Standard LaTeX package
) (/usr/local/texlive/2024/texmf-dist/tex/latex/base/textcomp.sty
Package: textcomp 2020/02/02 v2.0n Standard LaTeX package
) (/usr/local/texlive/2024/texmf-dist/tex/latex/lm/lmodern.sty
Package: lmodern 2015/05/01 v1.6.1 Latin Modern Fonts
LaTeX Font Info:    Overwriting symbol font `operators' in version `normal'
(Font)                  OT1/cmr/m/n --> OT1/lmr/m/n on input line 22.
LaTeX Font Info:    Overwriting symbol font `letters' in version `normal'
(Font)                  OML/cmm/m/it --> OML/lmm/m/it on input line 23.
LaTeX Font Info:    Overwriting symbol font `symbols' in version `normal'
(Font)                  OMS/cmsy/m/n --> OMS/lmsy/m/n on input line 24.
LaTeX Font Info:    Overwriting symbol font `largesymbols' in version `normal'
(Font)                  OMX/cmex/m/n --> OMX/lmex/m/n on input line 25.
LaTeX Font Info:    Overwriting symbol font `operators' in version `bold'
(Font)                  OT1/cmr/bx/n --> OT1/lmr/bx/n on input line 26.
LaTeX Font Info:    Overwriting symbol font `letters' in version `bold'
(Font)                  OML/cmm/b/it --> OML/lmm/b/it on input line 27.
LaTeX Font Info:    Overwriting symbol font `symbols' in version `bold'
(Font)                  OMS/cmsy/b/n --> OMS/lmsy/b/n on input line 28.
LaTeX Font Info:    Overwriting symbol font `largesymbols' in version `bold'
(Font)                  OMX/cmex/m/n --> OMX/lmex/m/n on input line 29.
LaTeX Font Info:    Overwriting math alphabet `\mathbf' in version `normal'
(Font)                  OT1/cmr/bx/n --> OT1/lmr/bx/n on input line 31.
LaTeX Font Info:    Overwriting math alphabet `\mathsf' in version `normal'
(Font)                  OT1/cmss/m/n --> OT1/lmss/m/n on input line 32.
LaTeX Font Info:    Overwriting math alphabet `\mathit' in version `normal'
(Font)                  OT1/cmr/m/it --> OT1/lmr/m/it on input line 33.
LaTeX Font Info:    Overwriting math alphabet `\mathtt' in version `normal'
(Font)                  OT1/cmtt/m/n --> OT1/lmtt/m/n on input line 34.
LaTeX Font Info:    Overwriting math alphabet `\mathbf' in version `bold'
(Font)                  OT1/cmr/bx/n --> OT1/lmr/bx/n on input line 35.
LaTeX Font Info:    Overwriting math alphabet `\mathsf' in version `bold'
(Font)                  OT1/cmss/bx/n --> OT1/lmss/bx/n on input line 36.
LaTeX Font Info:    Overwriting math alphabet `\mathit' in version `bold'
(Font)                  OT1/cmr/bx/it --> OT1/lmr/bx/it on input line 37.
LaTeX Font Info:    Overwriting math alphabet `\mathtt' in version `bold'
(Font)                  OT1/cmtt/m/n --> OT1/lmtt/m/n on input line 38.
) (/usr/local/texlive/2024/texmf-dist/tex/latex/amsmath/amsmath.sty
Package: amsmath 2023/05/13 v2.17o AMS math features
\@mathmargin=\skip50

For additional information on amsmath, use the `?' option.
(/usr/local/texlive/2024/texmf-dist/tex/latex/amsmath/amstext.sty
Package: amstext 2021/08/26 v2.01 AMS text
 (/usr/local/texlive/2024/texmf-dist/tex/latex/amsmath/amsgen.sty
File: amsgen.sty 1999/11/30 v2.0 generic functions
\@emptytoks=\toks19
\ex@=\dimen141
)) (/usr/local/texlive/2024/texmf-dist/tex/latex/amsmath/amsbsy.sty
Package: amsbsy 1999/11/29 v1.2d Bold Symbols
\pmbraise@=\dimen142
) (/usr/local/texlive/2024/texmf-dist/tex/latex/amsmath/amsopn.sty
Package: amsopn 2022/04/08 v2.04 operator names
)
\inf@bad=\count196
LaTeX Info: Redefining \frac on input line 234.
\uproot@=\count197
\leftroot@=\count198
LaTeX Info: Redefining \overline on input line 399.
LaTeX Info: Redefining \colon on input line 410.
\classnum@=\count199
\DOTSCASE@=\count266
LaTeX Info: Redefining \ldots on input line 496.
LaTeX Info: Redefining \dots on input line 499.
LaTeX Info: Redefining \cdots on input line 620.
\Mathstrutbox@=\box51
\strutbox@=\box52
LaTeX Info: Redefining \big on input line 722.
LaTeX Info: Redefining \Big on input line 723.
LaTeX Info: Redefining \bigg on input line 724.
LaTeX Info: Redefining \Bigg on input line 725.
\big@size=\dimen143
LaTeX Font Info:    Redeclaring font encoding OML on input line 743.
LaTeX Font Info:    Redeclaring font encoding OMS on input line 744.
\macc@depth=\count267
LaTeX Info: Redefining \bmod on input line 905.
LaTeX Info: Redefining \pmod on input line 910.
LaTeX Info: Redefining \smash on input line 940.
LaTeX Info: Redefining \relbar on input line 970.
LaTeX Info: Redefining \Relbar on input line 971.
\c@MaxMatrixCols=\count268
\dotsspace@=\muskip16
\c@parentequation=\count269
\dspbrk@lvl=\count270
\tag@help=\toks20
\row@=\count271
\column@=\count272
\maxfields@=\count273
\andhelp@=\toks21
\eqnshift@=\dimen144
\alignsep@=\dimen145
\tagshift@=\dimen146
\tagwidth@=\dimen147
\totwidth@=\dimen148
\lineht@=\dimen149
\@envbody=\toks22
\multlinegap=\skip51
\multlinetaggap=\skip52
\mathdisplay@stack=\toks23
LaTeX Info: Redefining \[ on input line 2953.
LaTeX Info: Redefining \] on input line 2954.
) (/usr/local/texlive/2024/texmf-dist/tex/latex/amsfonts/amssymb.sty
Package: amssymb 2013/01/14 v3.01 AMS font symbols
 (/usr/local/texlive/2024/texmf-dist/tex/latex/amsfonts/amsfonts.sty
Package: amsfonts 2013/01/14 v3.01 Basic AMSFonts support
\symAMSa=\mathgroup4
\symAMSb=\mathgroup5
LaTeX Font Info:    Redeclaring math symbol \hbar on input line 98.
LaTeX Font Info:    Overwriting math alphabet `\mathfrak' in version `bold'
(Font)                  U/euf/m/n --> U/euf/b/n on input line 106.
)) (/usr/local/texlive/2024/texmf-dist/tex/latex/hyperref/hyperref.sty
Package: hyperref 2024-01-20 v7.01h Hypertext links for LaTeX
 (/usr/local/texlive/2024/texmf-dist/tex/generic/iftex/iftex.sty
Package: iftex 2022/02/03 v1.0f TeX engine tests
) (/usr/local/texlive/2024/texmf-dist/tex/latex/graphics/keyval.sty
Package: keyval 2022/05/29 v1.15 key=value parser (DPC)
\KV@toks@=\toks24
) (/usr/local/texlive/2024/texmf-dist/tex/latex/kvsetkeys/kvsetkeys.sty
Package: kvsetkeys 2022-10-05 v1.19 Key value parser (HO)
) (/usr/local/texlive/2024/texmf-dist/tex/generic/kvdefinekeys/kvdefinekeys.sty
Package: kvdefinekeys 2019-12-19 v1.6 Define keys (HO)
) (/usr/local/texlive/2024/texmf-dist/tex/generic/pdfescape/pdfescape.sty
Package: pdfescape 2019/12/09 v1.15 Implements pdfTeX's escape features (HO)
 (/usr/local/texlive/2024/texmf-dist/tex/generic/ltxcmds/ltxcmds.sty
Package: ltxcmds 2023-12-04 v1.26 LaTeX kernel commands for general use (HO)
) (/usr/local/texlive/2024/texmf-dist/tex/generic/pdftexcmds/pdftexcmds.sty
Package: pdftexcmds 2020-06-27 v0.33 Utility functions of pdfTeX for LuaTeX (HO)
 (/usr/local/texlive/2024/texmf-dist/tex/generic/infwarerr/infwarerr.sty
Package: infwarerr 2019/12/03 v1.5 Providing info/warning/error messages (HO)
)
Package pdftexcmds Info: \pdf@primitive is available.
Package pdftexcmds Info: \pdf@ifprimitive is available.
Package pdftexcmds Info: \pdfdraftmode found.
)) (/usr/local/texlive/2024/texmf-dist/tex/latex/hycolor/hycolor.sty
Package: hycolor 2020-01-27 v1.10 Color options for hyperref/bookmark (HO)
) (/usr/local/texlive/2024/texmf-dist/tex/latex/auxhook/auxhook.sty
Package: auxhook 2019-12-17 v1.6 Hooks for auxiliary files (HO)
) (/usr/local/texlive/2024/texmf-dist/tex/latex/hyperref/nameref.sty
Package: nameref 2023-11-26 v2.56 Cross-referencing by name of section
 (/usr/local/texlive/2024/texmf-dist/tex/latex/refcount/refcount.sty
Package: refcount 2019/12/15 v3.6 Data extraction from label references (HO)
) (/usr/local/texlive/2024/texmf-dist/tex/generic/gettitlestring/gettitlestring.sty
Package: gettitlestring 2019/12/15 v1.6 Cleanup title references (HO)
 (/usr/local/texlive/2024/texmf-dist/tex/latex/kvoptions/kvoptions.sty
Package: kvoptions 2022-06-15 v3.15 Key value format for package options (HO)
))
\c@section@level=\count274
) (/usr/local/texlive/2024/texmf-dist/tex/latex/etoolbox/etoolbox.sty
Package: etoolbox 2020/10/05 v2.5k e-TeX tools for LaTeX (JAW)
\etb@tempcnta=\count275
)
\@linkdim=\dimen150
\Hy@linkcounter=\count276
\Hy@pagecounter=\count277
 (/usr/local/texlive/2024/texmf-dist/tex/latex/hyperref/pd1enc.def
File: pd1enc.def 2024-01-20 v7.01h Hyperref: PDFDocEncoding definition (HO)
Now handling font encoding PD1 ...
... no UTF-8 mapping file for font encoding PD1
) (/usr/local/texlive/2024/texmf-dist/tex/generic/intcalc/intcalc.sty
Package: intcalc 2019/12/15 v1.3 Expandable calculations with integers (HO)
)
\Hy@SavedSpaceFactor=\count278
 (/usr/local/texlive/2024/texmf-dist/tex/latex/hyperref/puenc.def
File: puenc.def 2024-01-20 v7.01h Hyperref: PDF Unicode definition (HO)
Now handling font encoding PU ...
... no UTF-8 mapping file for font encoding PU
)
Package hyperref Info: Hyper figures OFF on input line 4179.
Package hyperref Info: Link nesting OFF on input line 4184.
Package hyperref Info: Hyper index ON on input line 4187.
Package hyperref Info: Plain pages OFF on input line 4194.
Package hyperref Info: Backreferencing OFF on input line 4199.
Package hyperref Info: Implicit mode ON; LaTeX internals redefined.
Package hyperref Info: Bookmarks ON on input line 4446.
\c@Hy@tempcnt=\count279
 (/usr/local/texlive/2024/texmf-dist/tex/latex/url/url.sty
\Urlmuskip=\muskip17
Package: url 2013/09/16  ver 3.4  Verb mode for urls, etc.
)
LaTeX Info: Redefining \url on input line 4784.
\XeTeXLinkMargin=\dimen151
 (/usr/local/texlive/2024/texmf-dist/tex/generic/bitset/bitset.sty
Package: bitset 2019/12/09 v1.3 Handle bit-vector datatype (HO)
 (/usr/local/texlive/2024/texmf-dist/tex/generic/bigintcalc/bigintcalc.sty
Package: bigintcalc 2019/12/15 v1.5 Expandable calculations on big integers (HO)
))
\Fld@menulength=\count280
\Field@Width=\dimen152
\Fld@charsize=\dimen153
Package hyperref Info: Hyper figures OFF on input line 6063.
Package hyperref Info: Link nesting OFF on input line 6068.
Package hyperref Info: Hyper index ON on input line 6071.
Package hyperref Info: backreferencing OFF on input line 6078.
Package hyperref Info: Link coloring OFF on input line 6083.
Package hyperref Info: Link coloring with OCG OFF on input line 6088.
Package hyperref Info: PDF/A mode OFF on input line 6093.
 (/usr/local/texlive/2024/texmf-dist/tex/latex/base/atbegshi-ltx.sty
Package: atbegshi-ltx 2021/01/10 v1.0c Emulation of the original atbegshi
package with kernel methods
)
\Hy@abspage=\count281
\c@Item=\count282
\c@Hfootnote=\count283
)
Package hyperref Info: Driver (autodetected): hpdftex.
 (/usr/local/texlive/2024/texmf-dist/tex/latex/hyperref/hpdftex.def
File: hpdftex.def 2024-01-20 v7.01h Hyperref driver for pdfTeX
 (/usr/local/texlive/2024/texmf-dist/tex/latex/base/atveryend-ltx.sty
Package: atveryend-ltx 2020/08/19 v1.0a Emulation of the original atveryend package
with kernel methods
)
\Fld@listcount=\count284
\c@bookmark@seq@number=\count285
 (/usr/local/texlive/2024/texmf-dist/tex/latex/rerunfilecheck/rerunfilecheck.sty
Package: rerunfilecheck 2022-07-10 v1.10 Rerun checks for auxiliary files (HO)
 (/usr/local/texlive/2024/texmf-dist/tex/generic/uniquecounter/uniquecounter.sty
Package: uniquecounter 2019/12/15 v1.4 Provide unlimited unique counter (HO)
)
Package uniquecounter Info: New unique counter `rerunfilecheck' on input line 285.
)
\Hy@SectionHShift=\skip53
) (/usr/local/texlive/2024/texmf-dist/tex/latex/geometry/geometry.sty
Package: geometry 2020/01/02 v5.9 Page Geometry
 (/usr/local/texlive/2024/texmf-dist/tex/generic/iftex/ifvtex.sty
Package: ifvtex 2019/10/25 v1.7 ifvtex legacy package. Use iftex instead.
)
\Gm@cnth=\count286
\Gm@cntv=\count287
\c@Gm@tempcnt=\count288
\Gm@bindingoffset=\dimen154
\Gm@wd@mp=\dimen155
\Gm@odd@mp=\dimen156
\Gm@even@mp=\dimen157
\Gm@layoutwidth=\dimen158
\Gm@layoutheight=\dimen159
\Gm@layouthoffset=\dimen160
\Gm@layoutvoffset=\dimen161
\Gm@dimlist=\toks25
) (/usr/local/texlive/2024/texmf-dist/tex/latex/float/float.sty
Package: float 2001/11/08 v1.3d Float enhancements (AL)
\c@float@type=\count289
\float@exts=\toks26
\float@box=\box53
\@float@everytoks=\toks27
\@floatcapt=\box54
) (/usr/local/texlive/2024/texmf-dist/tex/latex/graphics/graphicx.sty
Package: graphicx 2021/09/16 v1.2d Enhanced LaTeX Graphics (DPC,SPQR)
 (/usr/local/texlive/2024/texmf-dist/tex/latex/graphics/graphics.sty
Package: graphics 2022/03/10 v1.4e Standard LaTeX Graphics (DPC,SPQR)
 (/usr/local/texlive/2024/texmf-dist/tex/latex/graphics/trig.sty
Package: trig 2021/08/11 v1.11 sin cos tan (DPC)
) (/usr/local/texlive/2024/texmf-dist/tex/latex/graphics-cfg/graphics.cfg
File: graphics.cfg 2016/06/04 v1.11 sample graphics configuration
)
Package graphics Info: Driver file: pdftex.def on input line 107.
 (/usr/local/texlive/2024/texmf-dist/tex/latex/graphics-def/pdftex.def
File: pdftex.def 2022/09/22 v1.2b Graphics/color driver for pdftex
))
\Gin@req@height=\dimen162
\Gin@req@width=\dimen163
) (/usr/local/texlive/2024/texmf-dist/tex/latex/biblatex/biblatex.sty
Package: biblatex 2023/03/05 v3.19 programmable bibliographies (PK/MW)
 (/usr/local/texlive/2024/texmf-dist/tex/latex/logreq/logreq.sty
Package: logreq 2010/08/04 v1.0 xml request logger
\lrq@indent=\count290
 (/usr/local/texlive/2024/texmf-dist/tex/latex/logreq/logreq.def
File: logreq.def 2010/08/04 v1.0 logreq spec v1.0
)) (/usr/local/texlive/2024/texmf-dist/tex/latex/base/ifthen.sty
Package: ifthen 2022/04/13 v1.1d Standard LaTeX ifthen package (DPC)
)
\c@tabx@nest=\count291
\c@listtotal=\count292
\c@listcount=\count293
\c@liststart=\count294
\c@liststop=\count295
\c@citecount=\count296
\c@citetotal=\count297
\c@multicitecount=\count298
\c@multicitetotal=\count299
\c@instcount=\count300
\c@maxnames=\count301
\c@minnames=\count302
\c@maxitems=\count303
\c@minitems=\count304
\c@citecounter=\count305
\c@maxcitecounter=\count306
\c@savedcitecounter=\count307
\c@uniquelist=\count308
\c@uniquename=\count309
\c@refsection=\count310
\c@refsegment=\count311
\c@maxextratitle=\count312
\c@maxextratitleyear=\count313
\c@maxextraname=\count314
\c@maxextradate=\count315
\c@maxextraalpha=\count316
\c@abbrvpenalty=\count317
\c@highnamepenalty=\count318
\c@lownamepenalty=\count319
\c@maxparens=\count320
\c@parenlevel=\count321
\blx@tempcnta=\count322
\blx@tempcntb=\count323
\blx@tempcntc=\count324
\c@blx@maxsection=\count325
\blx@maxsegment@0=\count326
\blx@notetype=\count327
\blx@parenlevel@text=\count328
\blx@parenlevel@foot=\count329
\blx@sectionciteorder@0=\count330
\blx@sectionciteorderinternal@0=\count331
\blx@entrysetcounter=\count332
\blx@biblioinstance=\count333
\labelnumberwidth=\skip54
\labelalphawidth=\skip55
\biblabelsep=\skip56
\bibitemsep=\skip57
\bibnamesep=\skip58
\bibinitsep=\skip59
\bibparsep=\skip60
\bibhang=\skip61
\blx@bcfin=\read2
\blx@bcfout=\write3
\blx@langwohyphens=\language89
\c@mincomprange=\count334
\c@maxcomprange=\count335
\c@mincompwidth=\count336
Package biblatex Info: Trying to load biblatex default data model...
Package biblatex Info: ... file 'blx-dm.def' found.
 (/usr/local/texlive/2024/texmf-dist/tex/latex/biblatex/blx-dm.def
File: blx-dm.def 2023/03/05 v3.19 biblatex localization (PK/MW)
)
Package biblatex Info: Trying to load biblatex style data model...
Package biblatex Info: ... file 'authoryear.dbx' not found.
Package biblatex Info: Trying to load biblatex custom data model...
Package biblatex Info: ... file 'biblatex-dm.cfg' not found.
\c@afterword=\count337
\c@savedafterword=\count338
\c@annotator=\count339
\c@savedannotator=\count340
\c@author=\count341
\c@savedauthor=\count342
\c@bookauthor=\count343
\c@savedbookauthor=\count344
\c@commentator=\count345
\c@savedcommentator=\count346
\c@editor=\count347
\c@savededitor=\count348
\c@editora=\count349
\c@savededitora=\count350
\c@editorb=\count351
\c@savededitorb=\count352
\c@editorc=\count353
\c@savededitorc=\count354
\c@foreword=\count355
\c@savedforeword=\count356
\c@holder=\count357
\c@savedholder=\count358
\c@introduction=\count359
\c@savedintroduction=\count360
\c@namea=\count361
\c@savednamea=\count362
\c@nameb=\count363
\c@savednameb=\count364
\c@namec=\count365
\c@savednamec=\count366
\c@translator=\count367
\c@savedtranslator=\count368
\c@shortauthor=\count369
\c@savedshortauthor=\count370
\c@shorteditor=\count371
\c@savedshorteditor=\count372
\c@labelname=\count373
\c@savedlabelname=\count374
\c@institution=\count375
\c@savedinstitution=\count376
\c@lista=\count377
\c@savedlista=\count378
\c@listb=\count379
\c@savedlistb=\count380
\c@listc=\count381
\c@savedlistc=\count382
\c@listd=\count383
\c@savedlistd=\count384
\c@liste=\count385
\c@savedliste=\count386
\c@listf=\count387
\c@savedlistf=\count388
\c@location=\count389
\c@savedlocation=\count390
\c@organization=\count391
\c@savedorganization=\count392
\c@origlocation=\count393
\c@savedoriglocation=\count394
\c@origpublisher=\count395
\c@savedorigpublisher=\count396
\c@publisher=\count397
\c@savedpublisher=\count398
\c@language=\count399
\c@savedlanguage=\count400
\c@origlanguage=\count401
\c@savedoriglanguage=\count402
\c@pageref=\count403
\c@savedpageref=\count404
\shorthandwidth=\skip62
\shortjournalwidth=\skip63
\shortserieswidth=\skip64
\shorttitlewidth=\skip65
\shortauthorwidth=\skip66
\shorteditorwidth=\skip67
\locallabelnumberwidth=\skip68
\locallabelalphawidth=\skip69
\localshorthandwidth=\skip70
\localshortjournalwidth=\skip71
\localshortserieswidth=\skip72
\localshorttitlewidth=\skip73
\localshortauthorwidth=\skip74
\localshorteditorwidth=\skip75
Package biblatex Info: Trying to load compatibility code...
Package biblatex Info: ... file 'blx-compat.def' found.
 (/usr/local/texlive/2024/texmf-dist/tex/latex/biblatex/blx-compat.def
File: blx-compat.def 2023/03/05 v3.19 biblatex compatibility (PK/MW)
)
Package biblatex Info: Trying to load generic definitions...
Package biblatex Info: ... file 'biblatex.def' found.
 (/usr/local/texlive/2024/texmf-dist/tex/latex/biblatex/biblatex.def
File: biblatex.def 2023/03/05 v3.19 biblatex compatibility (PK/MW)
\c@textcitecount=\count405
\c@textcitetotal=\count406
\c@textcitemaxnames=\count407
\c@biburlbigbreakpenalty=\count408
\c@biburlbreakpenalty=\count409
\c@biburlnumpenalty=\count410
\c@biburlucpenalty=\count411
\c@biburllcpenalty=\count412
\biburlbigskip=\muskip18
\biburlnumskip=\muskip19
\biburlucskip=\muskip20
\biburllcskip=\muskip21
\c@smartand=\count413
)
Package biblatex Info: Trying to load bibliography style 'authoryear'...
Package biblatex Info: ... file 'authoryear.bbx' found.
 (/usr/local/texlive/2024/texmf-dist/tex/latex/biblatex/bbx/authoryear.bbx
File: authoryear.bbx 2023/03/05 v3.19 biblatex bibliography style (PK/MW)
Package biblatex Info: Trying to load bibliography style 'standard'...
Package biblatex Info: ... file 'standard.bbx' found.
 (/usr/local/texlive/2024/texmf-dist/tex/latex/biblatex/bbx/standard.bbx
File: standard.bbx 2023/03/05 v3.19 biblatex bibliography style (PK/MW)
\c@bbx:relatedcount=\count414
\c@bbx:relatedtotal=\count415
))
Package biblatex Info: Trying to load citation style 'authoryear'...
Package biblatex Info: ... file 'authoryear.cbx' found.
 (/usr/local/texlive/2024/texmf-dist/tex/latex/biblatex/cbx/authoryear.cbx
File: authoryear.cbx 2023/03/05 v3.19 biblatex citation style (PK/MW)
Package biblatex Info: Redefining '\cite'.
Package biblatex Info: Redefining '\parencite'.
Package biblatex Info: Redefining '\footcite'.
Package biblatex Info: Redefining '\footcitetext'.
Package biblatex Info: Redefining '\smartcite'.
Package biblatex Info: Redefining '\textcite'.
Package biblatex Info: Redefining '\textcites'.
)
Package biblatex Info: Trying to load configuration file...
Package biblatex Info: ... file 'biblatex.cfg' found.
 (/usr/local/texlive/2024/texmf-dist/tex/latex/biblatex/biblatex.cfg
File: biblatex.cfg 
)
Package biblatex Info: Input encoding 'utf8' detected.
Package biblatex Info: Document encoding is UTF8 ....
 (/usr/local/texlive/2024/texmf-dist/tex/latex/l3kernel/expl3.sty
Package: expl3 2024-02-20 L3 programming layer (loader) 
 (/usr/local/texlive/2024/texmf-dist/tex/latex/l3backend/l3backend-pdftex.def
File: l3backend-pdftex.def 2024-02-20 L3 backend support: PDF output (pdfTeX)
\l__color_backend_stack_int=\count416
\l__pdf_internal_box=\box55
))
Package biblatex Info: ... and expl3
(biblatex)             2024-02-20 L3 programming layer (loader) 
(biblatex)             is new enough (at least 2020/04/06),
(biblatex)             setting 'casechanger=expl3'.
 (/usr/local/texlive/2024/texmf-dist/tex/latex/biblatex/blx-case-expl3.sty (/usr/local/texlive/2024/texmf-dist/tex/latex/l3packages/xparse/xparse.sty
Package: xparse 2024-02-18 L3 Experimental document command parser
)
Package: blx-case-expl3 2023/03/05 v3.19 expl3 case changing code for biblatex
)) (/usr/local/texlive/2024/texmf-dist/tex/latex/natbib/natbib.sty
Package: natbib 2010/09/13 8.31b (PWD, AO)


/usr/local/texlive/2024/texmf-dist/tex/latex/natbib/natbib.sty:637: LaTeX Error: Command \bibhang already defined.
               Or name \end... illegal, see p.192 of the manual.

See the LaTeX manual or LaTeX Companion for explanation.
Type  H <return>  for immediate help.
 ...                                              
                                                  
l.637 \newlength{\bibhang}
                          
Your command was ignored.
Type  I <command> <return>  to replace it with another command,
or  <return>  to continue without it.

\bibsep=\skip76
LaTeX Info: Redefining \cite on input line 694.
LaTeX Info: Redefining \citeauthor on input line 712.
LaTeX Info: Redefining \Citeauthor on input line 731.
LaTeX Info: Redefining \citeyear on input line 735.

/usr/local/texlive/2024/texmf-dist/tex/latex/natbib/natbib.sty:773: LaTeX Error: Command \NAT@parse already defined.
               Or name \end... illegal, see p.192 of the manual.

See the LaTeX manual or LaTeX Companion for explanation.
Type  H <return>  for immediate help.
 ...                                              
                                                  
l.773 }
       %
Your command was ignored.
Type  I <command> <return>  to replace it with another command,
or  <return>  to continue without it.


/usr/local/texlive/2024/texmf-dist/tex/latex/natbib/natbib.sty:1028: LaTeX Error: Command \citename already defined.
               Or name \end... illegal, see p.192 of the manual.

See the LaTeX manual or LaTeX Companion for explanation.
Type  H <return>  for immediate help.
 ...                                              
                                                  
l.1028 \newcommand\citename{}
                             
Your command was ignored.
Type  I <command> <return>  to replace it with another command,
or  <return>  to continue without it.

\c@NAT@ctr=\count417
)

./ripples_in_spacetime.tex:32: Package biblatex Error: Incompatible package 'natbib'.

See the biblatex package documentation for explanation.
Type  H <return>  for immediate help.
 ...                                              
                                                  
l.32 \begin{document}
                     
The 'natbib' package and biblatex are incompatible.

\@quotelevel=\count418
\@quotereset=\count419
LaTeX Font Info:    Trying to load font information for T1+lmr on input line 32.
(/usr/local/texlive/2024/texmf-dist/tex/latex/lm/t1lmr.fd
File: t1lmr.fd 2015/05/01 v1.6.1 Font defs for Latin Modern
) (/Users/sefunmiashiru/Dev/space-time-geometry/paper/ripples_in_spacetime.aux)
\openout1 = `ripples_in_spacetime.aux'.

LaTeX Font Info:    Checking defaults for OML/cmm/m/it on input line 32.
LaTeX Font Info:    ... okay on input line 32.
LaTeX Font Info:    Checking defaults for OMS/cmsy/m/n on input line 32.
LaTeX Font Info:    ... okay on input line 32.
LaTeX Font Info:    Checking defaults for OT1/cmr/m/n on input line 32.
LaTeX Font Info:    ... okay on input line 32.
LaTeX Font Info:    Checking defaults for T1/cmr/m/n on input line 32.
LaTeX Font Info:    ... okay on input line 32.
LaTeX Font Info:    Checking defaults for TS1/cmr/m/n on input line 32.
LaTeX Font Info:    ... okay on input line 32.
LaTeX Font Info:    Checking defaults for OMX/cmex/m/n on input line 32.
LaTeX Font Info:    ... okay on input line 32.
LaTeX Font Info:    Checking defaults for U/cmr/m/n on input line 32.
LaTeX Font Info:    ... okay on input line 32.
LaTeX Font Info:    Checking defaults for PD1/pdf/m/n on input line 32.
LaTeX Font Info:    ... okay on input line 32.
LaTeX Font Info:    Checking defaults for PU/pdf/m/n on input line 32.
LaTeX Font Info:    ... okay on input line 32.
Package hyperref Info: Link coloring OFF on input line 32.
 (/Users/sefunmiashiru/Dev/space-time-geometry/paper/ripples_in_spacetime.out) (/Users/sefunmiashiru/Dev/space-time-geometry/paper/ripples_in_spacetime.out)
\@outlinefile=\write4
\openout4 = `ripples_in_spacetime.out'.


*geometry* driver: auto-detecting
*geometry* detected driver: pdftex
*geometry* verbose mode - [ preamble ] result:
* driver: pdftex
* paper: a4paper
* layout: <same size as paper>
* layoutoffset:(h,v)=(0.0pt,0.0pt)
* modes: 
* h-part:(L,W,R)=(72.26999pt, 452.9679pt, 72.26999pt)
* v-part:(T,H,B)=(72.26999pt, 700.50687pt, 72.26999pt)
* \paperwidth=597.50787pt
* \paperheight=845.04684pt
* \textwidth=452.9679pt
* \textheight=700.50687pt
* \oddsidemargin=0.0pt
* \evensidemargin=0.0pt
* \topmargin=-37.0pt
* \headheight=12.0pt
* \headsep=25.0pt
* \topskip=10.0pt
* \footskip=30.0pt
* \marginparwidth=65.0pt
* \marginparsep=11.0pt
* \columnsep=10.0pt
* \skip\footins=9.0pt plus 4.0pt minus 2.0pt
* \hoffset=0.0pt
* \voffset=0.0pt
* \mag=1000
* \@twocolumnfalse
* \@twosidefalse
* \@mparswitchfalse
* \@reversemarginfalse
* (1in=72.27pt=25.4mm, 1cm=28.453pt)

(/usr/local/texlive/2024/texmf-dist/tex/context/base/mkii/supp-pdf.mkii
[Loading MPS to PDF converter (version 2006.09.02).]
\scratchcounter=\count420
\scratchdimen=\dimen164
\scratchbox=\box56
\nofMPsegments=\count421
\nofMParguments=\count422
\everyMPshowfont=\toks28
\MPscratchCnt=\count423
\MPscratchDim=\dimen165
\MPnumerator=\count424
\makeMPintoPDFobject=\count425
\everyMPtoPDFconversion=\toks29
) (/usr/local/texlive/2024/texmf-dist/tex/latex/epstopdf-pkg/epstopdf-base.sty
Package: epstopdf-base 2020-01-24 v2.11 Base part for package epstopdf
 (/usr/local/texlive/2024/texmf-dist/tex/latex/grfext/grfext.sty
Package: grfext 2019/12/03 v1.3 Manage graphics extensions (HO)
)
Package epstopdf-base Info: Redefining graphics rule for `.eps' on input line 485.
Package grfext Info: Graphics extension search list:
(grfext)             [.pdf,.png,.jpg,.mps,.jpeg,.jbig2,.jb2,.PDF,.PNG,.JPG,.JPEG,.JBIG2,.JB2,.eps]
(grfext)             \AppendGraphicsExtensions on input line 504.
 (/usr/local/texlive/2024/texmf-dist/tex/latex/latexconfig/epstopdf-sys.cfg
File: epstopdf-sys.cfg 2010/07/13 v1.3 Configuration of (r)epstopdf for TeX Live
))
Package biblatex Info: Trying to load language 'english'...
Package biblatex Info: ... file 'english.lbx' found.
 (/usr/local/texlive/2024/texmf-dist/tex/latex/biblatex/lbx/english.lbx
File: english.lbx 2023/03/05 v3.19 biblatex localization (PK/MW)
)
Package biblatex Info: Input encoding 'utf8' detected.
Package biblatex Info: Automatic encoding selection.
(biblatex)             Assuming data encoding 'utf8'.
\openout3 = `ripples_in_spacetime.bcf'.

Package biblatex Info: Trying to load bibliographic data...
Package biblatex Info: ... file 'ripples_in_spacetime.bbl' not found.

No file ripples_in_spacetime.bbl.
Package biblatex Info: Reference section=0 on input line 32.
Package biblatex Info: Reference segment=0 on input line 32.
LaTeX Font Info:    Trying to load font information for OT1+lmr on input line 35.
(/usr/local/texlive/2024/texmf-dist/tex/latex/lm/ot1lmr.fd
File: ot1lmr.fd 2015/05/01 v1.6.1 Font defs for Latin Modern
)
LaTeX Font Info:    Trying to load font information for OML+lmm on input line 35.
 (/usr/local/texlive/2024/texmf-dist/tex/latex/lm/omllmm.fd
File: omllmm.fd 2015/05/01 v1.6.1 Font defs for Latin Modern
)
LaTeX Font Info:    Trying to load font information for OMS+lmsy on input line 35.
 (/usr/local/texlive/2024/texmf-dist/tex/latex/lm/omslmsy.fd
File: omslmsy.fd 2015/05/01 v1.6.1 Font defs for Latin Modern
)
LaTeX Font Info:    Trying to load font information for OMX+lmex on input line 35.
 (/usr/local/texlive/2024/texmf-dist/tex/latex/lm/omxlmex.fd
File: omxlmex.fd 2015/05/01 v1.6.1 Font defs for Latin Modern
)
LaTeX Font Info:    External font `lmex10' loaded for size
(Font)              <12> on input line 35.
LaTeX Font Info:    External font `lmex10' loaded for size
(Font)              <8> on input line 35.
LaTeX Font Info:    External font `lmex10' loaded for size
(Font)              <6> on input line 35.
LaTeX Font Info:    Trying to load font information for U+msa on input line 35.
 (/usr/local/texlive/2024/texmf-dist/tex/latex/amsfonts/umsa.fd
File: umsa.fd 2013/01/14 v3.01 AMS symbols A
)
LaTeX Font Info:    Trying to load font information for U+msb on input line 35.
 (/usr/local/texlive/2024/texmf-dist/tex/latex/amsfonts/umsb.fd
File: umsb.fd 2013/01/14 v3.01 AMS symbols B
)
LaTeX Font Info:    Trying to load font information for TS1+lmr on input line 35.
 (/usr/local/texlive/2024/texmf-dist/tex/latex/lm/ts1lmr.fd
File: ts1lmr.fd 2015/05/01 v1.6.1 Font defs for Latin Modern
)
LaTeX Font Info:    External font `lmex10' loaded for size
(Font)              <5> on input line 35.


Package natbib Warning: Citation `rindler1977essential' on page 1 undefined on input line 55.


Package natbib Warning: Citation `misner1973' on page 1 undefined on input line 55.


Package natbib Warning: Citation `griffiths2005introduction' on page 1 undefined on input line 57.


Package natbib Warning: Citation `feynmanlectures' on page 1 undefined on input line 57.


Package natbib Warning: Citation `minkowski1908space' on page 1 undefined on input line 61.


Package natbib Warning: Citation `einstein1905' on page 1 undefined on input line 62.


Package natbib Warning: Citation `wigner1932' on page 1 undefined on input line 71.


Package natbib Warning: Citation `vonneumann1932' on page 1 undefined on input line 71.


Package natbib Warning: Citation `husimi1940some' on page 1 undefined on input line 76.


Package natbib Warning: Citation `schleich2001quantum' on page 1 undefined on input line 76.


Package natbib Warning: Citation `misner1973' on page 1 undefined on input line 79.


Package natbib Warning: Citation `rindler1977essential' on page 1 undefined on input line 100.


Package natbib Warning: Citation `griffiths2005introduction' on page 1 undefined on input line 102.


Package natbib Warning: Citation `feynmanlectures' on page 1 undefined on input line 102.


Package natbib Warning: Citation `everett1957' on page 1 undefined on input line 102.

[1

{/usr/local/texlive/2024/texmf-var/fonts/map/pdftex/updmap/pdftex.map}{/usr/local/texlive/2024/texmf-dist/fonts/enc/dvips/lm/lm-ec.enc}{/usr/local/texlive/2024/texmf-dist/fonts/enc/dvips/lm/lm-ts1.enc}]

Package natbib Warning: Citation `hawking1988' on page 2 undefined on input line 113.


Package natbib Warning: Citation `penrose2004' on page 2 undefined on input line 113.

LaTeX Font Info:    External font `lmex10' loaded for size
(Font)              <10> on input line 116.
LaTeX Font Info:    External font `lmex10' loaded for size
(Font)              <7> on input line 116.

Package natbib Warning: Citation `minkowski1908space' on page 2 undefined on input line 119.


Package natbib Warning: Citation `rindler1977essential' on page 2 undefined on input line 120.


Package natbib Warning: Citation `misner1973' on page 2 undefined on input line 120.


Package natbib Warning: Citation `griffiths2005introduction' on page 2 undefined on input line 130.


Package natbib Warning: Citation `feynmanlectures' on page 2 undefined on input line 130.


Package natbib Warning: Citation `Dirac1928' on page 2 undefined on input line 132.


Package natbib Warning: Citation `rindler1977essential' on page 2 undefined on input line 135.


Package natbib Warning: Citation `everett1957' on page 2 undefined on input line 145.


Package natbib Warning: Citation `dewitt1971' on page 2 undefined on input line 145.


Package natbib Warning: Citation `rindler1977essential' on page 2 undefined on input line 166.


Package natbib Warning: Citation `misner1973' on page 2 undefined on input line 166.


Package natbib Warning: Citation `griffiths2005introduction' on page 2 undefined on input line 168.


Package natbib Warning: Citation `feynmanlectures' on page 2 undefined on input line 168.


Package natbib Warning: Citation `wigner1932' on page 2 undefined on input line 175.


Package natbib Warning: Citation `husimi1940some' on page 2 undefined on input line 175.


Package natbib Warning: Citation `minkowski1908space' on page 2 undefined on input line 187.


Package natbib Warning: Citation `einstein1905' on page 2 undefined on input line 187.

[2{/usr/local/texlive/2024/texmf-dist/fonts/enc/dvips/lm/lm-rm.enc}{/usr/local/texlive/2024/texmf-dist/fonts/enc/dvips/lm/lm-mathit.enc}{/usr/local/texlive/2024/texmf-dist/fonts/enc/dvips/lm/lm-mathsy.enc}]

Package natbib Warning: Citation `schleich2001quantum' on page 3 undefined on input line 192.


Package natbib Warning: Citation `zachos2005quantum' on page 3 undefined on input line 192.


Package natbib Warning: Citation `penrose2004' on page 3 undefined on input line 195.


Package natbib Warning: Citation `misner1973' on page 3 undefined on input line 203.


Package natbib Warning: Citation `rindler1977essential' on page 3 undefined on input line 203.


Package natbib Warning: Citation `misner1973' on page 3 undefined on input line 213.


Package natbib Warning: Citation `griffiths2005introduction' on page 3 undefined on input line 216.


Package natbib Warning: Citation `einstein1905' on page 3 undefined on input line 221.


Package natbib Warning: Citation `rindler1977essential' on page 3 undefined on input line 221.


Package natbib Warning: Citation `penrose2004' on page 3 undefined on input line 231.


Package natbib Warning: Citation `susskind2008' on page 3 undefined on input line 231.


Package natbib Warning: Citation `rindler1977essential' on page 3 undefined on input line 257.


Package natbib Warning: Citation `misner1973' on page 3 undefined on input line 257.


Package natbib Warning: Citation `penrose2004' on page 3 undefined on input line 265.


Package natbib Warning: Citation `griffiths2005introduction' on page 3 undefined on input line 270.


Package natbib Warning: Citation `feynmanlectures' on page 3 undefined on input line 270.

[3]

Package natbib Warning: Citation `wigner1932' on page 4 undefined on input line 284.


Package natbib Warning: Citation `husimi1940some' on page 4 undefined on input line 284.


Package natbib Warning: Citation `schleich2001quantum' on page 4 undefined on input line 291.


Package natbib Warning: Citation `glauber1963' on page 4 undefined on input line 291.


Package natbib Warning: Citation `misner1973' on page 4 undefined on input line 296.


Package natbib Warning: Citation `penrose2004' on page 4 undefined on input line 296.


Package natbib Warning: Citation `rindler1977essential' on page 4 undefined on input line 307.


Package natbib Warning: Citation `hawking1988' on page 4 undefined on input line 314.


Package natbib Warning: Citation `susskind2008' on page 4 undefined on input line 314.


./ripples_in_spacetime.tex:327: LaTeX Error: Command \bfseries invalid in math mode.

See the LaTeX manual or LaTeX Companion for explanation.
Type  H <return>  for immediate help.
 ...                                              
                                                  
l.327       \quad \cite{griffiths2005introduction}
                                                  .
Please use the math alphabet \mathbf instead of the \bfseries command. 


Package natbib Warning: Citation `griffiths2005introduction' on page 4 undefined on input line 327.


./ripples_in_spacetime.tex:332: LaTeX Error: Command \bfseries invalid in math mode.

See the LaTeX manual or LaTeX Companion for explanation.
Type  H <return>  for immediate help.
 ...                                              
                                                  
l.332       \quad \cite{Dirac1928}
                                  .
Please use the math alphabet \mathbf instead of the \bfseries command. 


Package natbib Warning: Citation `Dirac1928' on page 4 undefined on input line 332.


Package natbib Warning: Citation `misner1973' on page 4 undefined on input line 338.


Package natbib Warning: Citation `everett1957' on page 4 undefined on input line 350.


Package natbib Warning: Citation `dewitt1971' on page 4 undefined on input line 350.


Package natbib Warning: Citation `nielsenchuang2000' on page 4 undefined on input line 358.


Package natbib Warning: Citation `penrose2004' on page 4 undefined on input line 358.

[4{/usr/local/texlive/2024/texmf-dist/fonts/enc/dvips/lm/lm-mathex.enc}]

Package natbib Warning: Citation `griffiths2005introduction' on page 5 undefined on input line 369.


Package natbib Warning: Citation `feynmanlectures' on page 5 undefined on input line 369.


Package natbib Warning: Citation `Dirac1928' on page 5 undefined on input line 379.


Package natbib Warning: Citation `Sakharov1967' on page 5 undefined on input line 379.


Package natbib Warning: Citation `Sakharov1967' on page 5 undefined on input line 383.


Package natbib Warning: Citation `penrose2004' on page 5 undefined on input line 383.


Package natbib Warning: Citation `vonneumann1932' on page 5 undefined on input line 386.


Package natbib Warning: Citation `husimi1940some' on page 5 undefined on input line 386.


Package natbib Warning: Citation `rindler1977essential' on page 5 undefined on input line 393.


Package natbib Warning: Citation `misner1973' on page 5 undefined on input line 393.


Package natbib Warning: Citation `Bell1964' on page 5 undefined on input line 401.


Package natbib Warning: Citation `penrose2004' on page 5 undefined on input line 401.


Package natbib Warning: Citation `feynmanlectures' on page 5 undefined on input line 405.


Package natbib Warning: Citation `rindler1977essential' on page 5 undefined on input line 405.


Package natbib Warning: Citation `glauber1963' on page 5 undefined on input line 410.


Package natbib Warning: Citation `griffiths2005introduction' on page 5 undefined on input line 420.


Package natbib Warning: Citation `nielsenchuang2000' on page 5 undefined on input line 420.


Package natbib Warning: Citation `Bell1964' on page 5 undefined on input line 424.


Package natbib Warning: Citation `hawking1988' on page 5 undefined on input line 424.


Package natbib Warning: Citation `everett1957' on page 5 undefined on input line 427.


Package natbib Warning: Citation `dewitt1971' on page 5 undefined on input line 427.


Package natbib Warning: Citation `susskind2008' on page 5 undefined on input line 435.


Package natbib Warning: Citation `penrose2004' on page 5 undefined on input line 435.

[5]

Package natbib Warning: Citation `rindler1977essential' on page 6 undefined on input line 444.


Package natbib Warning: Citation `misner1973' on page 6 undefined on input line 444.


Package natbib Warning: Citation `penrose2004' on page 6 undefined on input line 444.


Package natbib Warning: Citation `susskind2008' on page 6 undefined on input line 444.


Package natbib Warning: Citation `hawking1988' on page 6 undefined on input line 448.


Package natbib Warning: Citation `penrose2004' on page 6 undefined on input line 448.


Package natbib Warning: Citation `rindler1977essential' on page 6 undefined on input line 449.


Package natbib Warning: Citation `misner1973' on page 6 undefined on input line 449.


Package natbib Warning: Citation `susskind2008' on page 6 undefined on input line 450.


Package natbib Warning: Citation `rindler1977essential' on page 6 undefined on input line 464.


Package natbib Warning: Citation `hawking1988' on page 6 undefined on input line 466.


Package natbib Warning: Citation `penrose2004' on page 6 undefined on input line 466.


Package natbib Warning: Citation `misner1973' on page 6 undefined on input line 473.


Package natbib Warning: Citation `rindler1977essential' on page 6 undefined on input line 473.


Package natbib Warning: Citation `penrose2004' on page 6 undefined on input line 481.


Package natbib Warning: Citation `griffiths2005introduction' on page 6 undefined on input line 500.


Package natbib Warning: Citation `feynmanlectures' on page 6 undefined on input line 500.

[6]

Package natbib Warning: Citation `wigner1932' on page 7 undefined on input line 506.


Package natbib Warning: Citation `penrose2004' on page 7 undefined on input line 509.


Package natbib Warning: Citation `husimi1940some' on page 7 undefined on input line 509.


Package natbib Warning: Citation `schleich2001quantum' on page 7 undefined on input line 514.


Package natbib Warning: Citation `glauber1963' on page 7 undefined on input line 514.


Package natbib Warning: Citation `feynmanlectures' on page 7 undefined on input line 519.


Package natbib Warning: Citation `vonneumann1932' on page 7 undefined on input line 519.


Package natbib Warning: Citation `griffiths2005introduction' on page 7 undefined on input line 529.


Package natbib Warning: Citation `Bell1964' on page 7 undefined on input line 532.


Package natbib Warning: Citation `nielsenchuang2000' on page 7 undefined on input line 532.


Package natbib Warning: Citation `everett1957' on page 7 undefined on input line 542.


Package natbib Warning: Citation `dewitt1971' on page 7 undefined on input line 542.


Package natbib Warning: Citation `vonneumann1932' on page 7 undefined on input line 548.


Package natbib Warning: Citation `nielsenchuang2000' on page 7 undefined on input line 552.


Package natbib Warning: Citation `penrose2004' on page 7 undefined on input line 552.


Package natbib Warning: Citation `everett1957' on page 7 undefined on input line 559.

[7]

Package natbib Warning: Citation `wigner1932' on page 8 undefined on input line 572.


Package natbib Warning: Citation `husimi1940some' on page 8 undefined on input line 572.


Package natbib Warning: Citation `zachos2005quantum' on page 8 undefined on input line 572.


Package natbib Warning: Citation `vonneumann1932' on page 8 undefined on input line 573.


Package natbib Warning: Citation `schleich2001quantum' on page 8 undefined on input line 578.


Overfull \hbox (7.61607pt too wide) in paragraph at lines 578--579
\T1/lmr/m/n/10 whereas Wigner and density-matrix ap-proaches of-ten re-quire in-di-rect plots or sep-a-rate real--imaginary
 []


Package natbib Warning: Citation `feynmanlectures' on page 8 undefined on input line 579.


Package natbib Warning: Citation `griffiths2005introduction' on page 8 undefined on input line 580.


Package natbib Warning: Citation `nielsenchuang2000' on page 8 undefined on input line 588.

<images/benchmark_results.png, id=319, 722.7pt x 433.62pt>
File: images/benchmark_results.png Graphic file (type png)
<use images/benchmark_results.png>
Package pdftex.def Info: images/benchmark_results.png  used on input line 593.
(pdftex.def)             Requested size: 362.37569pt x 217.4248pt.
[8
pdfTeX warning (ext4): destination with the same identifier (name{figure.1}) has been already used, duplicate ignored
<argument> ...shipout:D \box_use:N \l_shipout_box 
                                                  \__shipout_drop_firstpage_...
l.612 
       </Users/sefunmiashiru/Dev/space-time-geometry/paper/images/benchmark_results.png>]

Package natbib Warning: Citation `griffiths2005introduction' on page 9 undefined on input line 618.


Package natbib Warning: Citation `feynmanlectures' on page 9 undefined on input line 618.


Package natbib Warning: Citation `feynmanlectures' on page 9 undefined on input line 621.


Package natbib Warning: Citation `griffiths2005introduction' on page 9 undefined on input line 624.


Package natbib Warning: Citation `Guth1981' on page 9 undefined on input line 644.


Package natbib Warning: Citation `Linde1983' on page 9 undefined on input line 644.


Package natbib Warning: Citation `everett1957' on page 9 undefined on input line 649.


Package natbib Warning: Citation `dewitt1971' on page 9 undefined on input line 649.


Package natbib Warning: Citation `misner1973' on page 9 undefined on input line 651.


Package natbib Warning: Citation `penrose2004' on page 9 undefined on input line 651.


Package natbib Warning: Citation `hawking1988' on page 9 undefined on input line 655.


Package natbib Warning: Citation `susskind2008' on page 9 undefined on input line 655.


Package natbib Warning: Citation `kolbTurner1990' on page 9 undefined on input line 664.


Package natbib Warning: Citation `griffiths2005' on page 9 undefined on input line 664.

[9
pdfTeX warning (ext4): destination with the same identifier (name{table.1}) has been already used, duplicate ignored
<argument> ...shipout:D \box_use:N \l_shipout_box 
                                                  \__shipout_drop_firstpage_...
l.666 \begin{itemize}
                     ]

Package natbib Warning: Citation `Sakharov1967' on page 10 undefined on input line 675.


Package natbib Warning: Citation `penrose2004' on page 10 undefined on input line 681.


Package natbib Warning: Citation `susskind2008' on page 10 undefined on input line 681.


Package natbib Warning: Citation `kolbTurner1990' on page 10 undefined on input line 687.


Overfull \hbox (7.21808pt too wide) in paragraph at lines 683--688
\T1/lmr/m/n/10 plain net mat-ter abun-dance with-out ap-peal-ing ex-clu-sively to beyond-Standard Model physics. Interference-
 []


Package natbib Warning: Citation `Penrose1979' on page 10 undefined on input line 693.


Package natbib Warning: Citation `carroll2010' on page 10 undefined on input line 693.


Package natbib Warning: Citation `hawking1988' on page 10 undefined on input line 700.


Package natbib Warning: Citation `Zurek1982' on page 10 undefined on input line 703.


Package natbib Warning: Citation `everett1957' on page 10 undefined on input line 703.


Package natbib Warning: Citation `penrose2004' on page 10 undefined on input line 711.


Package natbib Warning: Citation `carroll2010' on page 10 undefined on input line 719.


Package natbib Warning: Citation `Zurek1982' on page 10 undefined on input line 719.


Package natbib Warning: Citation `penrose2004' on page 10 undefined on input line 737.


Package natbib Warning: Citation `susskind2008' on page 10 undefined on input line 737.


Package natbib Warning: Citation `wigner1932' on page 10 undefined on input line 741.


Package natbib Warning: Citation `schleich2001quantum' on page 10 undefined on input line 741.


Package natbib Warning: Citation `feynmanlectures' on page 10 undefined on input line 743.

[10]

Package natbib Warning: Citation `rindler1977essential' on page 11 undefined on input line 747.


Package natbib Warning: Citation `misner1973' on page 11 undefined on input line 747.


Package natbib Warning: Citation `Sakharov1967' on page 11 undefined on input line 752.


Package natbib Warning: Citation `Penrose1979' on page 11 undefined on input line 752.


Package natbib Warning: Citation `everett1957' on page 11 undefined on input line 752.


Package natbib Warning: Citation `misner1973' on page 11 undefined on input line 767.


Package natbib Warning: Citation `hawking1988' on page 11 undefined on input line 767.


Package natbib Warning: Citation `penrose2004' on page 11 undefined on input line 771.


Package natbib Warning: Citation `susskind2008' on page 11 undefined on input line 771.


Package natbib Warning: Citation `Sakharov1967' on page 11 undefined on input line 776.


Package natbib Warning: Citation `Guth1981' on page 11 undefined on input line 781.


Package natbib Warning: Citation `Linde1983' on page 11 undefined on input line 781.


Package natbib Warning: Citation `rindler1977essential' on page 11 undefined on input line 794.


Package natbib Warning: Citation `misner1973' on page 11 undefined on input line 794.


Package natbib Warning: Citation `Dirac1928' on page 11 undefined on input line 801.


Package natbib Warning: Citation `griffiths2005introduction' on page 11 undefined on input line 801.


Package natbib Warning: Citation `everett1957' on page 11 undefined on input line 804.


Package natbib Warning: Citation `dewitt1971' on page 11 undefined on input line 804.


Package natbib Warning: Citation `penrose2004' on page 11 undefined on input line 806.


Package natbib Warning: Citation `nielsenchuang2000' on page 11 undefined on input line 806.


Overfull \hbox (7.30913pt too wide) in paragraph at lines 802--807
[]\T1/lmr/bx/n/10 Many-Worlds, De-co-her-ence, and Branch-ing: \T1/lmr/m/n/10 Con-ven-tional Many-Worlds In-ter-pre-ta-tion frames
 []


Package natbib Warning: Citation `carroll2010' on page 11 undefined on input line 813.

[11]

Package natbib Warning: Citation `griffiths2005introduction' on page 12 undefined on input line 831.


Package natbib Warning: Citation `feynmanlectures' on page 12 undefined on input line 831.


Package natbib Warning: Citation `penrose2004' on page 12 undefined on input line 834.


Package natbib Warning: Citation `susskind2008' on page 12 undefined on input line 834.


Package natbib Warning: Citation `Sakharov1967' on page 12 undefined on input line 838.


Package natbib Warning: Citation `everett1957' on page 12 undefined on input line 839.


Package natbib Warning: Citation `dewitt1971' on page 12 undefined on input line 839.


Package natbib Warning: Citation `Bell1964' on page 12 undefined on input line 852.


Package natbib Warning: Citation `Zurek1982' on page 12 undefined on input line 852.


Package natbib Warning: Citation `wigner1932' on page 12 undefined on input line 855.


Package natbib Warning: Citation `husimi1940some' on page 12 undefined on input line 855.


Package natbib Warning: Citation `misner1973' on page 12 undefined on input line 858.


Package natbib Warning: Citation `Guth1981' on page 12 undefined on input line 860.


Package natbib Warning: Citation `Linde1983' on page 12 undefined on input line 860.


Package natbib Warning: Citation `kolbTurner1990' on page 12 undefined on input line 863.


Package natbib Warning: Citation `Sakharov1967' on page 12 undefined on input line 863.


Package natbib Warning: Citation `carroll2010' on page 12 undefined on input line 870.


Package natbib Warning: Citation `penrose2004' on page 12 undefined on input line 870.


Package natbib Warning: Citation `Penrose1979' on page 12 undefined on input line 878.


Package natbib Warning: Citation `susskind2008' on page 12 undefined on input line 878.


Package natbib Warning: Citation `kolbTurner1990' on page 12 undefined on input line 882.


Package natbib Warning: Citation `nielsenchuang2000' on page 12 undefined on input line 882.


Package natbib Warning: Citation `hawking1988' on page 12 undefined on input line 887.


Package natbib Warning: Citation `carroll2010' on page 12 undefined on input line 887.


Package natbib Warning: Citation `schleich2001quantum' on page 12 undefined on input line 891.


Package natbib Warning: Citation `husimi1940some' on page 12 undefined on input line 891.


Package natbib Warning: Citation `penrose2004' on page 12 undefined on input line 899.


Package natbib Warning: Citation `susskind2008' on page 12 undefined on input line 899.

[12]

./ripples_in_spacetime.tex:948: Package biblatex Error: '\bibliographystyle' invalid for 'biblatex'.

See the biblatex package documentation for explanation.
Type  H <return>  for immediate help.
 ...                                              
                                                  
l.948 \bibliographystyle{plainnat}
                                  
Use the package option 'style' instead.
I'm ignoring this command.


./ripples_in_spacetime.tex:949: LaTeX Error: Can be used only in preamble.

See the LaTeX manual or LaTeX Companion for explanation.
Type  H <return>  for immediate help.
 ...                                              
                                                  
l.949 \bibliography
                   {references}
Your command was ignored.
Type  I <command> <return>  to replace it with another command,
or  <return>  to continue without it.

[13] [14]
LaTeX Font Info:    Trying to load font information for T1+lmtt on input line 1145.
 (/usr/local/texlive/2024/texmf-dist/tex/latex/lm/t1lmtt.fd
File: t1lmtt.fd 2015/05/01 v1.6.1 Font defs for Latin Modern
) [15]
<images/single_wavefunction_probability_density_with_phase.png, id=395, 722.7pt x 433.62pt>
File: images/single_wavefunction_probability_density_with_phase.png Graphic file (type png)
<use images/single_wavefunction_probability_density_with_phase.png>
Package pdftex.def Info: images/single_wavefunction_probability_density_with_phase.png  used on input line 1215.
(pdftex.def)             Requested size: 294.42636pt x 176.65393pt.
<images/double_split_wavefunction_2d_polar_r = ct.png, id=396, 867.24pt x 578.16pt>
File: images/double_split_wavefunction_2d_polar_r = ct.png Graphic file (type png)
<use images/double_split_wavefunction_2d_polar_r = ct.png>
Package pdftex.def Info: images/double_split_wavefunction_2d_polar_r = ct.png  used on input line 1222.
(pdftex.def)             Requested size: 294.42636pt x 196.28067pt.
 [16] [17
pdfTeX warning (ext4): destination with the same identifier (name{figure.2}) has been already used, duplicate ignored
<argument> ...shipout:D \box_use:N \l_shipout_box 
                                                  \__shipout_drop_firstpage_...
l.1231   \item *
                *Comparative Analysis:** A comparison of the Dirac-based and...
pdfTeX warning (ext4): destination with the same identifier (name{figure.3}) has been already used, duplicate ignored
<argument> ...shipout:D \box_use:N \l_shipout_box 
                                                  \__shipout_drop_firstpage_...
l.1231   \item *
                *Comparative Analysis:** A comparison of the Dirac-based and... </Users/sefunmiashiru/Dev/space-time-geometry/paper/images/single_wavefunction_probability_density_with_phase.png> </Users/sefunmiashiru/Dev/space-time-geometry/paper/images/double_split_wavefunction_2d_polar_r = ct.png>] [18]

Package natbib Warning: There were undefined citations.

[19] (/Users/sefunmiashiru/Dev/space-time-geometry/paper/ripples_in_spacetime.aux)
 ***********
LaTeX2e <2023-11-01> patch level 1
L3 programming layer <2024-02-20>
 ***********
Package rerunfilecheck Info: File `ripples_in_spacetime.out' has not changed.
(rerunfilecheck)             Checksum: 74BC1FF75FF3FD468E85AE52BC2352C6;17312.
Package logreq Info: Writing requests to 'ripples_in_spacetime.run.xml'.
\openout1 = `ripples_in_spacetime.run.xml'.

 ) 
Here is how much of TeX's memory you used:
 18301 strings out of 474116
 314485 string characters out of 5743681
 1942187 words of memory out of 5000000
 40291 multiletter control sequences out of 15000+600000
 631391 words of font info for 89 fonts, out of 8000000 for 9000
 1141 hyphenation exceptions out of 8191
 75i,11n,81p,689b,803s stack positions out of 10000i,1000n,20000p,200000b,200000s
</usr/local/texlive/2024/texmf-dist/fonts/type1/public/lm/lmbx10.pfb></usr/local/texlive/2024/texmf-dist/fonts/type1/public/lm/lmbx12.pfb></usr/local/texlive/2024/texmf-dist/fonts/type1/public/lm/lmbx9.pfb></usr/local/texlive/2024/texmf-dist/fonts/type1/public/lm/lmex10.pfb></usr/local/texlive/2024/texmf-dist/fonts/type1/public/lm/lmmi10.pfb></usr/local/texlive/2024/texmf-dist/fonts/type1/public/lm/lmmi12.pfb></usr/local/texlive/2024/texmf-dist/fonts/type1/public/lm/lmmi7.pfb></usr/local/texlive/2024/texmf-dist/fonts/type1/public/lm/lmr10.pfb></usr/local/texlive/2024/texmf-dist/fonts/type1/public/lm/lmr12.pfb></usr/local/texlive/2024/texmf-dist/fonts/type1/public/lm/lmr5.pfb></usr/local/texlive/2024/texmf-dist/fonts/type1/public/lm/lmr6.pfb></usr/local/texlive/2024/texmf-dist/fonts/type1/public/lm/lmr7.pfb></usr/local/texlive/2024/texmf-dist/fonts/type1/public/lm/lmr8.pfb></usr/local/texlive/2024/texmf-dist/fonts/type1/public/lm/lmr9.pfb></usr/local/texlive/2024/texmf-dist/fonts/type1/public/lm/lmri10.pfb></usr/local/texlive/2024/texmf-dist/fonts/type1/public/lm/lmsy10.pfb></usr/local/texlive/2024/texmf-dist/fonts/type1/public/lm/lmtt10.pfb></usr/local/texlive/2024/texmf-dist/fonts/type1/public/amsfonts/symbols/msbm10.pfb>
Output written on /Users/sefunmiashiru/Dev/space-time-geometry/paper/ripples_in_spacetime.pdf (19 pages, 946569 bytes).
PDF statistics:
 543 PDF objects out of 1000 (max. 8388607)
 469 compressed objects within 5 object streams
 132 named destinations out of 1000 (max. 500000)
 512 words of extra memory for PDF output out of 10000 (max. 10000000)

